mode: set
github.com/nileshjagnik/spdy/client_conn.go:15.24,16.16 1 1
github.com/nileshjagnik/spdy/client_conn.go:16.16,18.3 1 0
github.com/nileshjagnik/spdy/client_conn.go:22.38,28.2 1 0
github.com/nileshjagnik/spdy/client_conn.go:31.50,33.14 2 0
github.com/nileshjagnik/spdy/client_conn.go:37.2,37.10 1 0
github.com/nileshjagnik/spdy/client_conn.go:33.14,36.3 2 0
github.com/nileshjagnik/spdy/client_conn.go:41.60,42.21 1 0
github.com/nileshjagnik/spdy/client_conn.go:45.2,45.20 1 0
github.com/nileshjagnik/spdy/client_conn.go:53.2,53.22 1 0
github.com/nileshjagnik/spdy/client_conn.go:42.21,44.3 1 0
github.com/nileshjagnik/spdy/client_conn.go:45.20,48.3 2 0
github.com/nileshjagnik/spdy/client_conn.go:48.4,52.3 3 0
github.com/nileshjagnik/spdy/client_conn.go:57.51,58.21 1 0
github.com/nileshjagnik/spdy/client_conn.go:61.2,61.23 1 0
github.com/nileshjagnik/spdy/client_conn.go:58.21,60.3 1 0
github.com/nileshjagnik/spdy/client_conn.go:65.37,66.21 1 0
github.com/nileshjagnik/spdy/client_conn.go:69.2,69.19 1 0
github.com/nileshjagnik/spdy/client_conn.go:66.21,68.3 1 0
github.com/nileshjagnik/spdy/client_conn.go:72.46,74.16 2 0
github.com/nileshjagnik/spdy/client_conn.go:77.2,77.31 1 0
github.com/nileshjagnik/spdy/client_conn.go:74.16,76.3 1 0
github.com/nileshjagnik/spdy/client_conn.go:81.64,86.16 5 0
github.com/nileshjagnik/spdy/client_conn.go:89.2,97.18 2 0
github.com/nileshjagnik/spdy/client_conn.go:86.16,88.3 1 0
github.com/nileshjagnik/spdy/header.go:28.56,30.19 2 1
github.com/nileshjagnik/spdy/header.go:33.2,35.19 3 1
github.com/nileshjagnik/spdy/header.go:39.2,39.8 1 1
github.com/nileshjagnik/spdy/header.go:30.19,32.3 1 0
github.com/nileshjagnik/spdy/header.go:35.19,38.3 2 0
github.com/nileshjagnik/spdy/header.go:42.42,47.2 4 1
github.com/nileshjagnik/spdy/header.go:56.43,60.2 3 1
github.com/nileshjagnik/spdy/header.go:63.76,67.2 3 0
github.com/nileshjagnik/spdy/header.go:70.72,74.2 3 1
github.com/nileshjagnik/spdy/header.go:76.59,78.28 2 1
github.com/nileshjagnik/spdy/header.go:84.2,85.16 2 1
github.com/nileshjagnik/spdy/header.go:88.2,89.34 2 1
github.com/nileshjagnik/spdy/header.go:104.2,104.8 1 1
github.com/nileshjagnik/spdy/header.go:78.28,80.17 2 1
github.com/nileshjagnik/spdy/header.go:80.17,82.4 1 0
github.com/nileshjagnik/spdy/header.go:85.16,87.3 1 0
github.com/nileshjagnik/spdy/header.go:89.34,92.17 3 1
github.com/nileshjagnik/spdy/header.go:95.3,96.17 2 1
github.com/nileshjagnik/spdy/header.go:99.3,100.31 2 1
github.com/nileshjagnik/spdy/header.go:92.17,94.4 1 0
github.com/nileshjagnik/spdy/header.go:96.17,98.4 1 0
github.com/nileshjagnik/spdy/header.go:100.31,102.4 1 1
github.com/nileshjagnik/spdy/header.go:107.58,110.16 3 1
github.com/nileshjagnik/spdy/header.go:113.2,115.16 3 1
github.com/nileshjagnik/spdy/header.go:118.2,118.26 1 1
github.com/nileshjagnik/spdy/header.go:110.16,112.3 1 0
github.com/nileshjagnik/spdy/header.go:115.16,117.3 1 0
github.com/nileshjagnik/spdy/header.go:128.43,132.2 3 1
github.com/nileshjagnik/spdy/header.go:135.77,140.2 4 1
github.com/nileshjagnik/spdy/header.go:143.61,148.2 4 0
github.com/nileshjagnik/spdy/header.go:150.46,152.25 2 1
github.com/nileshjagnik/spdy/header.go:160.2,160.23 1 1
github.com/nileshjagnik/spdy/header.go:152.25,159.3 6 1
github.com/nileshjagnik/spdy/proxy.go:16.86,19.16 2 1
github.com/nileshjagnik/spdy/proxy.go:24.2,25.16 2 1
github.com/nileshjagnik/spdy/proxy.go:31.2,31.8 1 1
github.com/nileshjagnik/spdy/proxy.go:19.16,23.3 3 0
github.com/nileshjagnik/spdy/proxy.go:25.16,29.3 3 0
github.com/nileshjagnik/spdy/server_conn.go:15.73,17.20 2 0
github.com/nileshjagnik/spdy/server_conn.go:22.2,24.25 3 0
github.com/nileshjagnik/spdy/server_conn.go:17.20,19.3 1 0
github.com/nileshjagnik/spdy/server_conn.go:19.4,21.3 1 0
github.com/nileshjagnik/spdy/server_conn.go:27.68,29.16 2 0
github.com/nileshjagnik/spdy/server_conn.go:32.2,33.6 2 0
github.com/nileshjagnik/spdy/server_conn.go:29.16,31.3 0 0
github.com/nileshjagnik/spdy/server_conn.go:33.6,35.17 2 0
github.com/nileshjagnik/spdy/server_conn.go:51.3,51.43 1 0
github.com/nileshjagnik/spdy/server_conn.go:35.17,36.55 1 0
github.com/nileshjagnik/spdy/server_conn.go:49.4,49.14 1 0
github.com/nileshjagnik/spdy/server_conn.go:36.55,37.23 1 0
github.com/nileshjagnik/spdy/server_conn.go:42.5,42.48 1 0
github.com/nileshjagnik/spdy/server_conn.go:45.5,47.13 3 0
github.com/nileshjagnik/spdy/server_conn.go:37.23,39.6 1 0
github.com/nileshjagnik/spdy/server_conn.go:39.7,41.6 1 0
github.com/nileshjagnik/spdy/server_conn.go:42.48,44.6 1 0
github.com/nileshjagnik/spdy/stream.go:27.45,52.9 6 1
github.com/nileshjagnik/spdy/stream.go:53.2,55.13 1 1
github.com/nileshjagnik/spdy/stream.go:56.2,60.13 3 0
github.com/nileshjagnik/spdy/stream.go:64.80,87.2 5 1
github.com/nileshjagnik/spdy/stream.go:90.34,92.2 1 0
github.com/nileshjagnik/spdy/stream.go:95.74,97.34 2 1
github.com/nileshjagnik/spdy/stream.go:100.2,100.72 1 1
github.com/nileshjagnik/spdy/stream.go:104.2,105.24 2 1
github.com/nileshjagnik/spdy/stream.go:108.2,108.24 1 1
github.com/nileshjagnik/spdy/stream.go:113.2,113.38 1 1
github.com/nileshjagnik/spdy/stream.go:123.2,135.12 11 1
github.com/nileshjagnik/spdy/stream.go:97.34,99.3 1 0
github.com/nileshjagnik/spdy/stream.go:100.72,103.3 2 0
github.com/nileshjagnik/spdy/stream.go:105.24,107.3 1 0
github.com/nileshjagnik/spdy/stream.go:108.24,110.3 1 0
github.com/nileshjagnik/spdy/stream.go:113.38,114.21 1 0
github.com/nileshjagnik/spdy/stream.go:115.3,116.21 1 0
github.com/nileshjagnik/spdy/stream.go:117.3,118.22 1 0
github.com/nileshjagnik/spdy/stream.go:138.91,141.25 2 1
github.com/nileshjagnik/spdy/stream.go:145.2,147.33 3 1
github.com/nileshjagnik/spdy/stream.go:150.2,151.12 2 1
github.com/nileshjagnik/spdy/stream.go:164.2,164.20 1 1
github.com/nileshjagnik/spdy/stream.go:168.2,172.8 3 1
github.com/nileshjagnik/spdy/stream.go:141.25,143.3 1 0
github.com/nileshjagnik/spdy/stream.go:147.33,149.3 1 0
github.com/nileshjagnik/spdy/stream.go:151.12,157.34 6 1
github.com/nileshjagnik/spdy/stream.go:160.3,160.13 1 1
github.com/nileshjagnik/spdy/stream.go:157.34,159.4 1 0
github.com/nileshjagnik/spdy/stream.go:164.20,167.3 2 1
github.com/nileshjagnik/spdy/stream.go:175.67,177.16 2 1
github.com/nileshjagnik/spdy/stream.go:181.2,182.25 2 1
github.com/nileshjagnik/spdy/stream.go:186.2,187.16 2 1
github.com/nileshjagnik/spdy/stream.go:191.2,191.20 1 1
github.com/nileshjagnik/spdy/stream.go:196.2,201.29 4 1
github.com/nileshjagnik/spdy/stream.go:209.2,209.12 1 1
github.com/nileshjagnik/spdy/stream.go:177.16,179.3 1 0
github.com/nileshjagnik/spdy/stream.go:182.25,184.3 1 0
github.com/nileshjagnik/spdy/stream.go:187.16,189.3 1 0
github.com/nileshjagnik/spdy/stream.go:191.20,193.3 1 1
github.com/nileshjagnik/spdy/stream.go:201.29,204.3 2 1
github.com/nileshjagnik/spdy/stream.go:214.89,219.16 3 1
github.com/nileshjagnik/spdy/stream.go:224.2,231.8 4 1
github.com/nileshjagnik/spdy/stream.go:219.16,222.3 2 0
github.com/nileshjagnik/spdy/stream.go:234.34,239.9 3 1
github.com/nileshjagnik/spdy/stream.go:240.2,240.29 0 1
github.com/nileshjagnik/spdy/stream.go:242.2,244.71 1 0
github.com/nileshjagnik/spdy/stream.go:250.66,263.16 7 1
github.com/nileshjagnik/spdy/stream.go:266.2,270.16 4 1
github.com/nileshjagnik/spdy/stream.go:273.2,277.16 3 1
github.com/nileshjagnik/spdy/stream.go:281.2,284.16 3 1
github.com/nileshjagnik/spdy/stream.go:288.2,306.19 9 1
github.com/nileshjagnik/spdy/stream.go:372.2,372.12 1 1
github.com/nileshjagnik/spdy/stream.go:263.16,265.3 1 0
github.com/nileshjagnik/spdy/stream.go:270.16,272.3 1 0
github.com/nileshjagnik/spdy/stream.go:277.16,279.3 1 0
github.com/nileshjagnik/spdy/stream.go:284.16,286.3 1 0
github.com/nileshjagnik/spdy/stream.go:306.19,322.3 4 1
github.com/nileshjagnik/spdy/stream.go:322.4,326.20 3 1
github.com/nileshjagnik/spdy/stream.go:350.3,350.19 1 1
github.com/nileshjagnik/spdy/stream.go:326.20,328.11 2 1
github.com/nileshjagnik/spdy/stream.go:329.4,331.12 1 1
github.com/nileshjagnik/spdy/stream.go:335.5,336.19 2 1
github.com/nileshjagnik/spdy/stream.go:339.5,339.10 1 1
github.com/nileshjagnik/spdy/stream.go:341.4,347.10 3 0
github.com/nileshjagnik/spdy/stream.go:331.12,334.6 2 0
github.com/nileshjagnik/spdy/stream.go:336.19,338.6 1 1
github.com/nileshjagnik/spdy/stream.go:350.19,368.4 5 1
github.com/nileshjagnik/spdy/stream.go:374.52,385.15 5 1
github.com/nileshjagnik/spdy/stream.go:385.15,387.3 1 1
github.com/nileshjagnik/spdy/stream.go:390.26,395.16 3 1
github.com/nileshjagnik/spdy/stream.go:399.2,402.9 3 1
github.com/nileshjagnik/spdy/stream.go:410.2,410.30 1 1
github.com/nileshjagnik/spdy/stream.go:414.2,416.49 3 1
github.com/nileshjagnik/spdy/stream.go:395.16,397.3 1 0
github.com/nileshjagnik/spdy/stream.go:403.2,403.33 0 1
github.com/nileshjagnik/spdy/stream.go:405.2,407.85 1 0
github.com/nileshjagnik/spdy/stream.go:410.30,413.3 1 1
github.com/nileshjagnik/spdy/stream.go:420.44,422.6 1 1
github.com/nileshjagnik/spdy/stream.go:422.6,424.10 2 1
github.com/nileshjagnik/spdy/stream.go:454.3,454.17 1 1
github.com/nileshjagnik/spdy/stream.go:425.3,426.11 1 1
github.com/nileshjagnik/spdy/stream.go:429.4,429.19 1 1
github.com/nileshjagnik/spdy/stream.go:443.3,444.11 1 1
github.com/nileshjagnik/spdy/stream.go:447.4,447.31 1 1
github.com/nileshjagnik/spdy/stream.go:448.3,450.10 1 0
github.com/nileshjagnik/spdy/stream.go:451.3,452.10 1 1
github.com/nileshjagnik/spdy/stream.go:426.11,428.5 1 0
github.com/nileshjagnik/spdy/stream.go:430.4,432.57 2 1
github.com/nileshjagnik/spdy/stream.go:433.4,434.31 1 1
github.com/nileshjagnik/spdy/stream.go:435.4,437.11 2 0
github.com/nileshjagnik/spdy/stream.go:438.4,439.29 1 1
github.com/nileshjagnik/spdy/stream.go:440.4,441.70 1 0
github.com/nileshjagnik/spdy/stream.go:444.11,446.5 1 0
github.com/nileshjagnik/spdy/stream.go:454.17,457.4 1 0
github.com/nileshjagnik/spdy/stream.go:462.39,462.59 1 1
github.com/nileshjagnik/spdy/stream.go:465.53,466.14 1 1
github.com/nileshjagnik/spdy/stream.go:470.2,470.20 1 1
github.com/nileshjagnik/spdy/stream.go:473.2,474.13 2 1
github.com/nileshjagnik/spdy/stream.go:477.2,478.16 2 1
github.com/nileshjagnik/spdy/stream.go:490.2,491.17 2 1
github.com/nileshjagnik/spdy/stream.go:505.2,508.8 3 1
github.com/nileshjagnik/spdy/stream.go:466.14,469.3 2 0
github.com/nileshjagnik/spdy/stream.go:470.20,472.3 1 1
github.com/nileshjagnik/spdy/stream.go:474.13,476.3 1 0
github.com/nileshjagnik/spdy/stream.go:478.16,483.22 3 1
github.com/nileshjagnik/spdy/stream.go:487.3,487.17 1 1
github.com/nileshjagnik/spdy/stream.go:483.22,486.4 2 0
github.com/nileshjagnik/spdy/stream.go:491.17,493.32 2 1
github.com/nileshjagnik/spdy/stream.go:498.3,501.23 4 1
github.com/nileshjagnik/spdy/stream.go:493.32,495.4 1 1
github.com/nileshjagnik/spdy/stream.go:495.5,497.4 1 0
github.com/nileshjagnik/spdy/stream.go:512.40,513.19 1 1
github.com/nileshjagnik/spdy/stream.go:519.2,522.41 3 1
github.com/nileshjagnik/spdy/stream.go:525.2,525.33 1 1
github.com/nileshjagnik/spdy/stream.go:529.2,532.22 4 1
github.com/nileshjagnik/spdy/stream.go:513.19,516.3 2 0
github.com/nileshjagnik/spdy/stream.go:522.41,524.3 1 0
github.com/nileshjagnik/spdy/stream.go:525.33,527.3 1 1
github.com/nileshjagnik/spdy/stream.go:536.65,541.16 3 1
github.com/nileshjagnik/spdy/stream.go:544.2,545.38 2 1
github.com/nileshjagnik/spdy/stream.go:554.2,556.16 3 1
github.com/nileshjagnik/spdy/stream.go:559.2,566.19 3 1
github.com/nileshjagnik/spdy/stream.go:571.2,571.12 1 1
github.com/nileshjagnik/spdy/stream.go:541.16,543.3 1 0
github.com/nileshjagnik/spdy/stream.go:545.38,546.21 1 1
github.com/nileshjagnik/spdy/stream.go:549.3,549.32 1 1
github.com/nileshjagnik/spdy/stream.go:546.21,547.12 1 1
github.com/nileshjagnik/spdy/stream.go:549.32,552.4 2 1
github.com/nileshjagnik/spdy/stream.go:556.16,558.3 1 0
github.com/nileshjagnik/spdy/stream.go:566.19,569.3 2 0
github.com/nileshjagnik/spdy/stream.go:575.34,584.2 6 0
github.com/nileshjagnik/spdy/stream.go:587.63,591.48 2 1
github.com/nileshjagnik/spdy/stream.go:598.2,602.8 4 1
github.com/nileshjagnik/spdy/stream.go:591.48,596.3 4 0
github.com/nileshjagnik/spdy/stream.go:605.43,607.35 2 1
github.com/nileshjagnik/spdy/stream.go:644.2,644.64 1 1
github.com/nileshjagnik/spdy/stream.go:607.35,611.39 4 1
github.com/nileshjagnik/spdy/stream.go:633.3,633.15 1 1
github.com/nileshjagnik/spdy/stream.go:638.3,638.28 1 1
github.com/nileshjagnik/spdy/stream.go:611.39,614.34 3 1
github.com/nileshjagnik/spdy/stream.go:618.4,618.18 1 0
github.com/nileshjagnik/spdy/stream.go:626.4,626.20 1 0
github.com/nileshjagnik/spdy/stream.go:630.4,630.25 1 0
github.com/nileshjagnik/spdy/stream.go:614.34,616.10 1 1
github.com/nileshjagnik/spdy/stream.go:618.18,619.27 1 0
github.com/nileshjagnik/spdy/stream.go:622.5,624.11 3 0
github.com/nileshjagnik/spdy/stream.go:619.27,621.6 1 0
github.com/nileshjagnik/spdy/stream.go:626.20,629.5 2 0
github.com/nileshjagnik/spdy/stream.go:633.15,637.4 3 1
github.com/nileshjagnik/spdy/stream.go:638.28,641.9 3 1
github.com/nileshjagnik/spdy/stream.go:649.36,649.50 1 0
github.com/nileshjagnik/spdy/stream.go:651.66,660.16 6 0
github.com/nileshjagnik/spdy/stream.go:663.2,665.12 2 0
github.com/nileshjagnik/spdy/stream.go:660.16,662.3 1 0
github.com/nileshjagnik/spdy/stream.go:669.57,673.14 2 1
github.com/nileshjagnik/spdy/stream.go:677.2,684.63 6 1
github.com/nileshjagnik/spdy/stream.go:673.14,675.3 1 0
github.com/nileshjagnik/spdy/stream.go:689.80,694.6 4 1
github.com/nileshjagnik/spdy/stream.go:718.2,718.52 1 0
github.com/nileshjagnik/spdy/stream.go:694.6,695.15 1 1
github.com/nileshjagnik/spdy/stream.go:714.3,714.15 1 1
github.com/nileshjagnik/spdy/stream.go:695.15,697.11 2 1
github.com/nileshjagnik/spdy/stream.go:698.4,699.24 1 1
github.com/nileshjagnik/spdy/stream.go:702.5,702.14 1 0
github.com/nileshjagnik/spdy/stream.go:703.4,704.13 1 1
github.com/nileshjagnik/spdy/stream.go:699.24,701.6 1 1
github.com/nileshjagnik/spdy/stream.go:706.5,709.23 3 1
github.com/nileshjagnik/spdy/stream.go:712.4,712.13 1 1
github.com/nileshjagnik/spdy/stream.go:709.23,711.5 1 1
github.com/nileshjagnik/spdy/stream.go:714.15,716.4 1 0
github.com/nileshjagnik/spdy/debug.go:23.20,25.2 1 0
github.com/nileshjagnik/spdy/debug.go:28.26,30.2 1 0
github.com/nileshjagnik/spdy/frame.go:21.42,21.60 1 0
github.com/nileshjagnik/spdy/frame.go:22.42,22.59 1 0
github.com/nileshjagnik/spdy/frame.go:24.39,27.2 2 1
github.com/nileshjagnik/spdy/frame.go:29.36,29.75 1 1
github.com/nileshjagnik/spdy/frame.go:31.37,32.20 1 1
github.com/nileshjagnik/spdy/frame.go:35.2,35.19 1 1
github.com/nileshjagnik/spdy/frame.go:38.2,38.38 1 0
github.com/nileshjagnik/spdy/frame.go:32.20,34.3 1 1
github.com/nileshjagnik/spdy/frame.go:35.19,37.3 1 1
github.com/nileshjagnik/spdy/frame.go:41.43,42.11 1 1
github.com/nileshjagnik/spdy/frame.go:60.2,60.46 1 0
github.com/nileshjagnik/spdy/frame.go:43.2,44.22 1 1
github.com/nileshjagnik/spdy/frame.go:45.2,46.21 1 1
github.com/nileshjagnik/spdy/frame.go:47.2,48.22 1 0
github.com/nileshjagnik/spdy/frame.go:49.2,50.20 1 0
github.com/nileshjagnik/spdy/frame.go:51.2,52.16 1 0
github.com/nileshjagnik/spdy/frame.go:53.2,54.18 1 0
github.com/nileshjagnik/spdy/frame.go:55.2,56.19 1 0
github.com/nileshjagnik/spdy/frame.go:57.2,58.25 1 1
github.com/nileshjagnik/spdy/frame.go:63.63,68.17 4 1
github.com/nileshjagnik/spdy/frame.go:71.2,71.23 1 1
github.com/nileshjagnik/spdy/frame.go:68.17,70.3 1 0
github.com/nileshjagnik/spdy/frame.go:76.49,79.16 3 1
github.com/nileshjagnik/spdy/frame.go:84.2,86.8 2 1
github.com/nileshjagnik/spdy/frame.go:79.16,83.3 3 0
github.com/nileshjagnik/spdy/frame.go:92.39,92.57 1 0
github.com/nileshjagnik/spdy/frame.go:93.39,93.56 1 0
github.com/nileshjagnik/spdy/frame.go:94.39,94.78 1 1
github.com/nileshjagnik/spdy/frame.go:96.60,100.17 4 1
github.com/nileshjagnik/spdy/frame.go:103.2,103.23 1 1
github.com/nileshjagnik/spdy/frame.go:100.17,102.3 1 0
github.com/nileshjagnik/spdy/frame.go:106.36,110.12 4 1
github.com/nileshjagnik/spdy/frame.go:115.2,115.10 1 1
github.com/nileshjagnik/spdy/frame.go:110.12,112.3 1 1
github.com/nileshjagnik/spdy/frame.go:112.4,112.18 1 1
github.com/nileshjagnik/spdy/frame.go:112.18,114.3 1 1
github.com/nileshjagnik/spdy/frame.go:122.82,126.16 3 1
github.com/nileshjagnik/spdy/frame.go:129.2,139.16 5 1
github.com/nileshjagnik/spdy/frame.go:144.2,144.16 1 1
github.com/nileshjagnik/spdy/frame.go:152.2,152.8 1 1
github.com/nileshjagnik/spdy/frame.go:126.16,128.3 1 0
github.com/nileshjagnik/spdy/frame.go:139.16,142.3 2 0
github.com/nileshjagnik/spdy/frame.go:144.16,146.17 2 1
github.com/nileshjagnik/spdy/frame.go:150.3,150.10 1 1
github.com/nileshjagnik/spdy/frame.go:146.17,149.4 2 0
github.com/nileshjagnik/spdy/frame.go:155.64,156.25 1 1
github.com/nileshjagnik/spdy/frame.go:162.2,162.8 1 1
github.com/nileshjagnik/spdy/frame.go:156.25,158.17 2 1
github.com/nileshjagnik/spdy/frame.go:158.17,160.4 1 0
github.com/nileshjagnik/spdy/frame.go:170.50,173.16 3 1
github.com/nileshjagnik/spdy/frame.go:176.2,176.37 1 1
github.com/nileshjagnik/spdy/frame.go:197.2,197.8 1 1
github.com/nileshjagnik/spdy/frame.go:173.16,175.3 1 0
github.com/nileshjagnik/spdy/frame.go:176.37,180.17 3 1
github.com/nileshjagnik/spdy/frame.go:183.3,184.9 2 1
github.com/nileshjagnik/spdy/frame.go:180.17,182.4 1 0
github.com/nileshjagnik/spdy/frame.go:185.4,191.17 5 1
github.com/nileshjagnik/spdy/frame.go:194.3,195.9 2 1
github.com/nileshjagnik/spdy/frame.go:191.17,193.4 1 0
github.com/nileshjagnik/spdy/frame.go:200.63,201.25 1 1
github.com/nileshjagnik/spdy/frame.go:207.2,207.8 1 1
github.com/nileshjagnik/spdy/frame.go:201.25,203.17 2 1
github.com/nileshjagnik/spdy/frame.go:203.17,205.4 1 0
github.com/nileshjagnik/spdy/frame.go:210.53,213.16 3 1
github.com/nileshjagnik/spdy/frame.go:216.2,221.16 5 1
github.com/nileshjagnik/spdy/frame.go:231.2,231.8 1 1
github.com/nileshjagnik/spdy/frame.go:213.16,215.3 1 0
github.com/nileshjagnik/spdy/frame.go:221.16,224.17 3 1
github.com/nileshjagnik/spdy/frame.go:224.17,227.4 2 0
github.com/nileshjagnik/spdy/frame.go:228.4,230.3 1 1
github.com/nileshjagnik/spdy/frame.go:238.48,240.2 1 0
github.com/nileshjagnik/spdy/frame.go:242.43,255.2 7 1
github.com/nileshjagnik/spdy/frame.go:257.69,260.2 2 1
github.com/nileshjagnik/spdy/frame.go:263.45,267.30 4 1
github.com/nileshjagnik/spdy/frame.go:270.2,270.10 1 1
github.com/nileshjagnik/spdy/frame.go:267.30,269.3 1 1
github.com/nileshjagnik/spdy/frame.go:277.47,279.2 1 0
github.com/nileshjagnik/spdy/frame.go:281.42,286.2 4 1
github.com/nileshjagnik/spdy/frame.go:288.68,291.2 2 1
github.com/nileshjagnik/spdy/frame.go:294.44,298.31 4 1
github.com/nileshjagnik/spdy/frame.go:301.2,301.10 1 1
github.com/nileshjagnik/spdy/frame.go:298.31,300.3 1 1
github.com/nileshjagnik/spdy/frame.go:308.38,310.2 1 0
github.com/nileshjagnik/spdy/frame.go:312.33,315.23 3 0
github.com/nileshjagnik/spdy/frame.go:320.2,320.20 1 0
github.com/nileshjagnik/spdy/frame.go:315.23,319.3 3 0
github.com/nileshjagnik/spdy/frame.go:323.59,326.2 2 0
github.com/nileshjagnik/spdy/frame.go:328.39,331.23 3 0
github.com/nileshjagnik/spdy/frame.go:334.2,334.8 1 0
github.com/nileshjagnik/spdy/frame.go:331.23,333.3 1 0
github.com/nileshjagnik/spdy/frame.go:342.50,349.2 4 1
github.com/nileshjagnik/spdy/misc.go:18.38,21.2 1 0
github.com/nileshjagnik/spdy/misc.go:24.34,25.37 1 0
github.com/nileshjagnik/spdy/misc.go:30.2,30.14 1 0
github.com/nileshjagnik/spdy/misc.go:25.37,26.45 1 0
github.com/nileshjagnik/spdy/misc.go:26.45,28.4 1 0
github.com/nileshjagnik/spdy/misc.go:34.35,35.37 1 0
github.com/nileshjagnik/spdy/misc.go:38.2,38.14 1 0
github.com/nileshjagnik/spdy/misc.go:35.37,37.3 1 0
github.com/nileshjagnik/spdy/misc.go:42.39,43.37 1 0
github.com/nileshjagnik/spdy/misc.go:46.2,46.32 1 0
github.com/nileshjagnik/spdy/misc.go:43.37,45.3 1 0
github.com/nileshjagnik/spdy/session.go:26.68,43.2 2 1
github.com/nileshjagnik/spdy/session.go:49.47,66.2 2 1
github.com/nileshjagnik/spdy/session.go:70.39,85.16 7 1
github.com/nileshjagnik/spdy/session.go:90.2,90.27 1 0
github.com/nileshjagnik/spdy/session.go:97.2,100.8 3 0
github.com/nileshjagnik/spdy/session.go:85.16,87.3 1 0
github.com/nileshjagnik/spdy/session.go:90.27,94.3 3 0
github.com/nileshjagnik/spdy/session.go:103.84,104.6 1 1
github.com/nileshjagnik/spdy/session.go:104.6,105.10 1 1
github.com/nileshjagnik/spdy/session.go:106.3,108.29 1 1
github.com/nileshjagnik/spdy/session.go:114.4,114.18 1 1
github.com/nileshjagnik/spdy/session.go:117.3,119.10 1 1
github.com/nileshjagnik/spdy/session.go:124.3,126.10 1 1
github.com/nileshjagnik/spdy/session.go:131.3,133.10 2 0
github.com/nileshjagnik/spdy/session.go:134.3,136.10 2 0
github.com/nileshjagnik/spdy/session.go:109.4,110.39 1 1
github.com/nileshjagnik/spdy/session.go:111.4,112.36 1 1
github.com/nileshjagnik/spdy/session.go:114.18,116.5 1 0
github.com/nileshjagnik/spdy/session.go:119.10,121.5 1 1
github.com/nileshjagnik/spdy/session.go:121.6,123.5 1 0
github.com/nileshjagnik/spdy/session.go:126.10,128.5 1 1
github.com/nileshjagnik/spdy/session.go:128.6,130.5 1 0
github.com/nileshjagnik/spdy/session.go:143.27,145.14 1 0
github.com/nileshjagnik/spdy/session.go:150.2,160.16 7 0
github.com/nileshjagnik/spdy/session.go:145.14,148.3 2 0
github.com/nileshjagnik/spdy/session.go:164.43,166.2 1 1
github.com/nileshjagnik/spdy/session.go:171.66,172.20 1 1
github.com/nileshjagnik/spdy/session.go:180.2,181.38 2 0
github.com/nileshjagnik/spdy/session.go:172.20,175.17 3 1
github.com/nileshjagnik/spdy/session.go:175.17,177.9 2 0
github.com/nileshjagnik/spdy/session.go:186.74,189.6 2 1
github.com/nileshjagnik/spdy/session.go:204.2,205.40 2 0
github.com/nileshjagnik/spdy/session.go:189.6,191.20 2 1
github.com/nileshjagnik/spdy/session.go:195.3,195.17 1 1
github.com/nileshjagnik/spdy/session.go:201.3,202.20 2 1
github.com/nileshjagnik/spdy/session.go:191.20,193.9 1 0
github.com/nileshjagnik/spdy/session.go:195.17,198.9 2 0
github.com/nileshjagnik/spdy/session.go:208.71,210.20 1 1
github.com/nileshjagnik/spdy/session.go:272.2,272.8 1 1
github.com/nileshjagnik/spdy/session.go:211.2,213.10 2 1
github.com/nileshjagnik/spdy/session.go:222.3,224.21 2 1
github.com/nileshjagnik/spdy/session.go:254.3,254.9 1 1
github.com/nileshjagnik/spdy/session.go:255.2,256.34 1 1
github.com/nileshjagnik/spdy/session.go:257.2,258.34 1 0
github.com/nileshjagnik/spdy/session.go:259.2,261.31 1 0
github.com/nileshjagnik/spdy/session.go:262.2,263.30 1 0
github.com/nileshjagnik/spdy/session.go:264.2,265.31 1 1
github.com/nileshjagnik/spdy/session.go:266.2,267.24 1 0
github.com/nileshjagnik/spdy/session.go:268.2,269.25 1 0
github.com/nileshjagnik/spdy/session.go:214.3,216.10 1 1
github.com/nileshjagnik/spdy/session.go:216.10,218.5 1 1
github.com/nileshjagnik/spdy/session.go:218.6,220.5 1 0
github.com/nileshjagnik/spdy/session.go:224.21,225.25 1 1
github.com/nileshjagnik/spdy/session.go:225.25,227.12 2 1
github.com/nileshjagnik/spdy/session.go:228.5,230.28 1 1
github.com/nileshjagnik/spdy/session.go:242.6,242.20 1 1
github.com/nileshjagnik/spdy/session.go:245.6,245.11 1 1
github.com/nileshjagnik/spdy/session.go:246.5,250.11 3 0
github.com/nileshjagnik/spdy/session.go:231.6,234.21 2 1
github.com/nileshjagnik/spdy/session.go:237.7,237.12 1 1
github.com/nileshjagnik/spdy/session.go:238.6,239.38 1 0
github.com/nileshjagnik/spdy/session.go:234.21,236.8 1 1
github.com/nileshjagnik/spdy/session.go:242.20,244.7 1 0
github.com/nileshjagnik/spdy/session.go:275.65,277.12 2 1
github.com/nileshjagnik/spdy/session.go:283.2,284.9 2 1
github.com/nileshjagnik/spdy/session.go:292.2,292.8 1 1
github.com/nileshjagnik/spdy/session.go:277.12,281.3 2 0
github.com/nileshjagnik/spdy/session.go:285.2,285.28 0 1
github.com/nileshjagnik/spdy/session.go:287.2,289.89 1 0
github.com/nileshjagnik/spdy/session.go:295.68,297.16 2 1
github.com/nileshjagnik/spdy/session.go:302.2,302.8 1 1
github.com/nileshjagnik/spdy/session.go:297.16,300.3 2 0
github.com/nileshjagnik/spdy/session.go:305.67,309.13 3 1
github.com/nileshjagnik/spdy/session.go:314.2,315.9 2 1
github.com/nileshjagnik/spdy/session.go:322.2,323.8 2 1
github.com/nileshjagnik/spdy/session.go:309.13,312.3 2 0
github.com/nileshjagnik/spdy/session.go:315.9,319.3 3 0
github.com/nileshjagnik/spdy/session.go:327.67,331.16 4 0
github.com/nileshjagnik/spdy/session.go:334.2,335.48 2 0
github.com/nileshjagnik/spdy/session.go:350.2,350.8 1 0
github.com/nileshjagnik/spdy/session.go:331.16,333.3 1 0
github.com/nileshjagnik/spdy/session.go:335.48,337.17 2 0
github.com/nileshjagnik/spdy/session.go:340.3,341.17 2 0
github.com/nileshjagnik/spdy/session.go:344.3,345.17 2 0
github.com/nileshjagnik/spdy/session.go:337.17,339.4 1 0
github.com/nileshjagnik/spdy/session.go:341.17,343.4 1 0
github.com/nileshjagnik/spdy/session.go:345.17,347.4 1 0
github.com/nileshjagnik/spdy/session.go:353.56,357.13 3 0
github.com/nileshjagnik/spdy/session.go:362.2,363.34 2 0
github.com/nileshjagnik/spdy/session.go:370.2,370.25 1 0
github.com/nileshjagnik/spdy/session.go:357.13,360.3 2 0
github.com/nileshjagnik/spdy/session.go:363.34,367.3 3 0
github.com/nileshjagnik/spdy/session.go:374.63,382.60 6 0
github.com/nileshjagnik/spdy/session.go:395.2,397.8 2 0
github.com/nileshjagnik/spdy/session.go:382.60,384.10 1 0
github.com/nileshjagnik/spdy/session.go:391.3,391.9 1 0
github.com/nileshjagnik/spdy/session.go:385.3,385.23 0 0
github.com/nileshjagnik/spdy/session.go:387.3,389.59 1 0
github.com/nileshjagnik/spdy/session.go:400.18,401.30 1 1
github.com/nileshjagnik/spdy/session.go:401.30,403.3 1 1
github.com/nileshjagnik/spdy/session.go:409.55,425.9 8 0
github.com/nileshjagnik/spdy/session.go:437.2,437.15 1 0
github.com/nileshjagnik/spdy/session.go:426.2,427.9 1 0
github.com/nileshjagnik/spdy/session.go:432.2,433.37 1 0
github.com/nileshjagnik/spdy/session.go:427.9,428.17 1 0
github.com/nileshjagnik/spdy/session.go:428.17,430.5 1 0
github.com/nileshjagnik/spdy/session.go:440.59,443.13 2 1
github.com/nileshjagnik/spdy/session.go:447.2,448.9 2 1
github.com/nileshjagnik/spdy/session.go:452.2,452.19 1 1
github.com/nileshjagnik/spdy/session.go:459.2,459.12 1 1
github.com/nileshjagnik/spdy/session.go:443.13,445.3 1 0
github.com/nileshjagnik/spdy/session.go:448.9,451.3 2 1
github.com/nileshjagnik/spdy/session.go:452.19,456.3 3 0
github.com/nileshjagnik/spdy/session.go:459.12,461.10 2 1
github.com/nileshjagnik/spdy/session.go:462.3,462.32 0 1
github.com/nileshjagnik/spdy/session.go:464.3,466.90 1 0
